<?xml version="1.0" encoding="UTF-8"?>
<!-- Generated by org.testng.reporters.JUnitReportReporter -->
<testsuite skipped="0" hostname="RACD-002157" name="RoughWork.TestDemoClass" tests="1" failures="0" timestamp="17 Jan 2019 11:12:34 GMT" time="0.011" errors="0">
  <testcase name="Test1" time="0.011" classname="RoughWork.TestDemoClass"/>
</testsuite> <!-- RoughWork.TestDemoClass -->
